Arguments: 
  /usr/local/Cellar/node/12.1.0/bin/node /usr/local/bin/yarn add next-plugin-custom-babel-config

PATH: 
  /usr/local/bin:/usr/local/share/npm/bin:/usr/local/Cellar/mysql@5.7/5.7.25/bin:/Users/reidc/.nvm/versions/node/v10.15.3/bin:/usr/local/bin:/usr/bin:/bin:/usr/sbin:/sbin:/Users/reidc/work/nextjs-lerna-poc/node_modules/.bin

Yarn version: 
  1.16.0

Node version: 
  12.1.0

Platform: 
  darwin x64

Trace: 
  SyntaxError: /Users/reidc/work/nextjs-lerna-poc/site/package.json: Unexpected token } in JSON at position 554
      at JSON.parse (<anonymous>)
      at /usr/local/lib/node_modules/yarn/lib/cli.js:1625:59
      at Generator.next (<anonymous>)
      at step (/usr/local/lib/node_modules/yarn/lib/cli.js:304:30)
      at /usr/local/lib/node_modules/yarn/lib/cli.js:315:13

npm manifest: 
  {
    "name": "@npoc/site",
    "version": "1.0.0",
    "scripts": {
      "dev": "next",
      "build": "next build",
      "start": "next start"
    },
    "dependencies": {
      "@npoc/components": "1.0.0",
      "next": "^9.0.0",
      "next-compose-plugins": "^2.2.0",
      "next-fonts": "^0.17.0",
      "next-plugin-transpile-modules": "^2.0.0",
      "react": "^16.8.6",
      "react-dom": "^16.8.6",
      "styled-components": "^4.3.2"
    },
    "devDependencies": {
      "babel-eslint": "^10.0.2",
      "babel-loader": "^8.0.6",
      "dotenv": "^8.0.0",
      "eslint": "^6.0.1",
    }
  }

yarn manifest: 
  No manifest

Lockfile: 
  No lockfile
